#
# There is insufficient memory for the Java Runtime Environment to continue.
# Native memory allocation (malloc) failed to allocate 117440512 bytes for committing reserved memory.
# Possible reasons:
#   The system is out of physical RAM or swap space
#   In 32 bit mode, the process size limit was hit
# Possible solutions:
#   Reduce memory load on the system
#   Increase physical memory or swap space
#   Check if swap backing store is full
#   Use 64 bit Java on a 64 bit OS
#   Decrease Java heap size (-Xmx/-Xms)
#   Decrease number of Java threads
#   Decrease Java thread stack sizes (-Xss)
#   Set larger code cache with -XX:ReservedCodeCacheSize=
# This output file may be truncated or incomplete.
#
#  Out of Memory Error (os_linux.cpp:2827), pid=14349, tid=140188401522432
#
# JRE version: OpenJDK Runtime Environment (7.0_85-b01) (build 1.7.0_85-b01)
# Java VM: OpenJDK 64-Bit Server VM (24.85-b03 mixed mode linux-amd64 compressed oops)
# Derivative: IcedTea 2.6.1
# Distribution: Ubuntu 14.04 LTS, package 7u85-2.6.1-5ubuntu0.14.04.1
# Failed to write core dump. Core dumps have been disabled. To enable core dumping, try "ulimit -c unlimited" before starting Java again
#

---------------  T H R E A D  ---------------

Current thread (0x00007f8034078000):  VMThread [stack: 0x00007f8027cfd000,0x00007f8027dfe000] [id=14360]

Stack: [0x00007f8027cfd000,0x00007f8027dfe000],  sp=0x00007f8027dfc490,  free space=1021k
Native frames: (J=compiled Java code, j=interpreted, Vv=VM code, C=native code)
V  [libjvm.so+0x953d45]  VMError::report_and_die()+0x175
V  [libjvm.so+0x48fd24]  report_vm_out_of_memory(char const*, int, unsigned long, char const*)+0x74
V  [libjvm.so+0x7cf91b]  os::pd_commit_memory(char*, unsigned long, unsigned long, bool)+0xeb
V  [libjvm.so+0x7ca3df]  os::commit_memory(char*, unsigned long, unsigned long, bool)+0x1f
V  [libjvm.so+0x83db6b]  PSVirtualSpace::expand_by(unsigned long)+0x5b
V  [libjvm.so+0x83e9d0]  PSYoungGen::resize_generation(unsigned long, unsigned long)+0xb0
V  [libjvm.so+0x83f0bb]  PSYoungGen::resize(unsigned long, unsigned long)+0x1b
V  [libjvm.so+0x83b2f8]  PSScavenge::invoke_no_policy()+0xd68
V  [libjvm.so+0x83bb68]  PSScavenge::invoke()+0x38
V  [libjvm.so+0x7f2123]  ParallelScavengeHeap::failed_mem_allocate(unsigned long)+0x63
V  [libjvm.so+0x955744]  VM_ParallelGCFailedAllocation::doit()+0x84
V  [libjvm.so+0x959847]  VM_Operation::evaluate()+0x47
V  [libjvm.so+0x958308]  VMThread::evaluate_operation(VM_Operation*)+0x318
V  [libjvm.so+0x958769]  VMThread::loop()+0x219
V  [libjvm.so+0x958bb2]  VMThread::run()+0x72
V  [libjvm.so+0x7cc7e2]  java_start(Thread*)+0xf2

VM_Operation (0x00007f803a5a23f0): ParallelGCFailedAllocation, mode: safepoint, requested by thread 0x00007f803400c800


---------------  P R O C E S S  ---------------

Java Threads: ( => current thread )
  0x00007f80340b1800 JavaThread "Service Thread" daemon [_thread_blocked, id=14366, stack(0x00007f8027014000,0x00007f8027115000)]
  0x00007f80340af000 JavaThread "C2 CompilerThread1" daemon [_thread_blocked, id=14365, stack(0x00007f8027115000,0x00007f8027216000)]
  0x00007f80340ac000 JavaThread "C2 CompilerThread0" daemon [_thread_blocked, id=14364, stack(0x00007f8027216000,0x00007f8027317000)]
  0x00007f80340aa000 JavaThread "Signal Dispatcher" daemon [_thread_blocked, id=14363, stack(0x00007f8027317000,0x00007f8027418000)]
  0x00007f803407e000 JavaThread "Finalizer" daemon [_thread_blocked, id=14362, stack(0x00007f8027afb000,0x00007f8027bfc000)]
  0x00007f803407c000 JavaThread "Reference Handler" daemon [_thread_blocked, id=14361, stack(0x00007f8027bfc000,0x00007f8027cfd000)]
  0x00007f803400c800 JavaThread "main" [_thread_blocked, id=14355, stack(0x00007f803a4a3000,0x00007f803a5a4000)]

Other Threads:
=>0x00007f8034078000 VMThread [stack: 0x00007f8027cfd000,0x00007f8027dfe000] [id=14360]
  0x00007f80340bc000 WatcherThread [stack: 0x00007f8026f13000,0x00007f8027014000] [id=14367]

VM state:at safepoint (normal execution)

VM Mutex/Monitor currently owned by a thread:  ([mutex/lock_event])
[0x00007f80340088a0] Threads_lock - owner thread: 0x00007f8034078000
[0x00007f8034008da0] Heap_lock - owner thread: 0x00007f803400c800

Heap
 PSYoungGen      total 209408K, used 17994K [0x00000000eaa80000, 0x00000000f8d80000, 0x0000000100000000)
  eden space 187904K, 0% used [0x00000000eaa80000,0x00000000eaa80000,0x00000000f6200000)
  from space 21504K, 83% used [0x00000000f6200000,0x00000000f7392b38,0x00000000f7700000)
  to   space 19968K, 0% used [0x00000000f7700000,0x00000000f7700000,0x00000000f8a80000)
 ParOldGen       total 83968K, used 46009K [0x00000000c0000000, 0x00000000c5200000, 0x00000000eaa80000)
  object space 83968K, 54% used [0x00000000c0000000,0x00000000c2cee590,0x00000000c5200000)
 PSPermGen       total 21504K, used 7351K [0x00000000b5a00000, 0x00000000b6f00000, 0x00000000c0000000)
  object space 21504K, 34% used [0x00000000b5a00000,0x00000000b612dfd8,0x00000000b6f00000)

Card table byte_map: [0x00007f802fd1f000,0x00007f802ff73000] byte_map_base: 0x00007f802f772000

Polling page: 0x00007f803a5c8000

Code Cache  [0x00007f802ff73000, 0x00007f80301e3000, 0x00007f8032f73000)
 total_blobs=978 nmethods=724 adapters=207 free_code_cache=47295Kb largest_free_block=48356992

Compilation events (10 events):
Event: 6.488 Thread 0x00007f80340ac000 nmethod 760 0x00007f80300eb010 code [0x00007f80300eb180, 0x00007f80300eb3b8]
Event: 6.488 Thread 0x00007f80340ac000  761             com.android.dx.io.instructions.RegisterRangeDecodedInstruction::getRegisterCount (5 bytes)
Event: 6.488 Thread 0x00007f80340ac000 nmethod 761 0x00007f80301468d0 code [0x00007f8030146a00, 0x00007f8030146a58]
Event: 6.488 Thread 0x00007f80340ac000  762             com.android.dx.io.instructions.DecodedInstruction::getAUnit (46 bytes)
Event: 6.489 Thread 0x00007f80340ac000 nmethod 762 0x00007f8030144d50 code [0x00007f8030144ea0, 0x00007f8030144f38]
Event: 6.489 Thread 0x00007f80340ac000  763             com.android.dx.io.instructions.RegisterRangeDecodedInstruction::getA (5 bytes)
Event: 6.489 Thread 0x00007f80340ac000 nmethod 763 0x00007f8030144a90 code [0x00007f8030144bc0, 0x00007f8030144c18]
Event: 6.489 Thread 0x00007f80340af000 nmethod 759 0x00007f80300ea950 code [0x00007f80300eaac0, 0x00007f80300eacf8]
Event: 6.492 Thread 0x00007f80340ac000  764             java.lang.Math::min (46 bytes)
Event: 6.492 Thread 0x00007f80340ac000 nmethod 764 0x00007f80300ea110 code [0x00007f80300ea280, 0x00007f80300ea398]

GC Heap History (10 events):
Event: 5.359 GC heap after
Heap after GC invocations=6 (full 0):
 PSYoungGen      total 74240K, used 14333K [0x00000000eaa80000, 0x00000000f0b80000, 0x0000000100000000)
  eden space 59904K, 0% used [0x00000000eaa80000,0x00000000eaa80000,0x00000000ee500000)
  from space 14336K, 99% used [0x00000000ef680000,0x00000000f047f430,0x00000000f0480000)
  to   space 17920K, 0% used [0x00000000ee500000,0x00000000ee500000,0x00000000ef680000)
 ParOldGen       total 83968K, used 24657K [0x00000000c0000000, 0x00000000c5200000, 0x00000000eaa80000)
  object space 83968K, 29% used [0x00000000c0000000,0x00000000c18146a0,0x00000000c5200000)
 PSPermGen       total 21504K, used 7326K [0x00000000b5a00000, 0x00000000b6f00000, 0x00000000c0000000)
  object space 21504K, 34% used [0x00000000b5a00000,0x00000000b6127a50,0x00000000b6f00000)
}
Event: 5.591 GC heap before
{Heap before GC invocations=7 (full 0):
 PSYoungGen      total 74240K, used 74237K [0x00000000eaa80000, 0x00000000f0b80000, 0x0000000100000000)
  eden space 59904K, 100% used [0x00000000eaa80000,0x00000000ee500000,0x00000000ee500000)
  from space 14336K, 99% used [0x00000000ef680000,0x00000000f047f430,0x00000000f0480000)
  to   space 17920K, 0% used [0x00000000ee500000,0x00000000ee500000,0x00000000ef680000)
 ParOldGen       total 83968K, used 24657K [0x00000000c0000000, 0x00000000c5200000, 0x00000000eaa80000)
  object space 83968K, 29% used [0x00000000c0000000,0x00000000c18146a0,0x00000000c5200000)
 PSPermGen       total 21504K, used 7335K [0x00000000b5a00000, 0x00000000b6f00000, 0x00000000c0000000)
  object space 21504K, 34% used [0x00000000b5a00000,0x00000000b6129c60,0x00000000b6f00000)
Event: 5.608 GC heap after
Heap after GC invocations=7 (full 0):
 PSYoungGen      total 77824K, used 10407K [0x00000000eaa80000, 0x00000000f4080000, 0x0000000100000000)
  eden space 59904K, 0% used [0x00000000eaa80000,0x00000000eaa80000,0x00000000ee500000)
  from space 17920K, 58% used [0x00000000ee500000,0x00000000eef29fd0,0x00000000ef680000)
  to   space 16896K, 0% used [0x00000000f3000000,0x00000000f3000000,0x00000000f4080000)
 ParOldGen       total 83968K, used 29103K [0x00000000c0000000, 0x00000000c5200000, 0x00000000eaa80000)
  object space 83968K, 34% used [0x00000000c0000000,0x00000000c1c6bfe0,0x00000000c5200000)
 PSPermGen       total 21504K, used 7335K [0x00000000b5a00000, 0x00000000b6f00000, 0x00000000c0000000)
  object space 21504K, 34% used [0x00000000b5a00000,0x00000000b6129c60,0x00000000b6f00000)
}
Event: 5.776 GC heap before
{Heap before GC invocations=8 (full 0):
 PSYoungGen      total 77824K, used 70311K [0x00000000eaa80000, 0x00000000f4080000, 0x0000000100000000)
  eden space 59904K, 100% used [0x00000000eaa80000,0x00000000ee500000,0x00000000ee500000)
  from space 17920K, 58% used [0x00000000ee500000,0x00000000eef29fd0,0x00000000ef680000)
  to   space 16896K, 0% used [0x00000000f3000000,0x00000000f3000000,0x00000000f4080000)
 ParOldGen       total 83968K, used 29103K [0x00000000c0000000, 0x00000000c5200000, 0x00000000eaa80000)
  object space 83968K, 34% used [0x00000000c0000000,0x00000000c1c6bfe0,0x00000000c5200000)
 PSPermGen       total 21504K, used 7339K [0x00000000b5a00000, 0x00000000b6f00000, 0x00000000c0000000)
  object space 21504K, 34% used [0x00000000b5a00000,0x00000000b612acf8,0x00000000b6f00000)
Event: 5.787 GC heap after
Heap after GC invocations=8 (full 0):
 PSYoungGen      total 135168K, used 15654K [0x00000000eaa80000, 0x00000000f4380000, 0x0000000100000000)
  eden space 118272K, 0% used [0x00000000eaa80000,0x00000000eaa80000,0x00000000f1e00000)
  from space 16896K, 92% used [0x00000000f3000000,0x00000000f3f49928,0x00000000f4080000)
  to   space 18432K, 0% used [0x00000000f1e00000,0x00000000f1e00000,0x00000000f3000000)
 ParOldGen       total 83968K, used 32659K [0x00000000c0000000, 0x00000000c5200000, 0x00000000eaa80000)
  object space 83968K, 38% used [0x00000000c0000000,0x00000000c1fe4e78,0x00000000c5200000)
 PSPermGen       total 21504K, used 7339K [0x00000000b5a00000, 0x00000000b6f00000, 0x00000000c0000000)
  object space 21504K, 34% used [0x00000000b5a00000,0x00000000b612acf8,0x00000000b6f00000)
}
Event: 6.024 GC heap before
{Heap before GC invocations=9 (full 0):
 PSYoungGen      total 135168K, used 133926K [0x00000000eaa80000, 0x00000000f4380000, 0x0000000100000000)
  eden space 118272K, 100% used [0x00000000eaa80000,0x00000000f1e00000,0x00000000f1e00000)
  from space 16896K, 92% used [0x00000000f3000000,0x00000000f3f49928,0x00000000f4080000)
  to   space 18432K, 0% used [0x00000000f1e00000,0x00000000f1e00000,0x00000000f3000000)
 ParOldGen       total 83968K, used 32659K [0x00000000c0000000, 0x00000000c5200000, 0x00000000eaa80000)
  object space 83968K, 38% used [0x00000000c0000000,0x00000000c1fe4e78,0x00000000c5200000)
 PSPermGen       total 21504K, used 7346K [0x00000000b5a00000, 0x00000000b6f00000, 0x00000000c0000000)
  object space 21504K, 34% used [0x00000000b5a00000,0x00000000b612caa8,0x00000000b6f00000)
Event: 6.038 GC heap after
Heap after GC invocations=9 (full 0):
 PSYoungGen      total 136704K, used 17562K [0x00000000eaa80000, 0x00000000f8a80000, 0x0000000100000000)
  eden space 118272K, 0% used [0x00000000eaa80000,0x00000000eaa80000,0x00000000f1e00000)
  from space 18432K, 95% used [0x00000000f1e00000,0x00000000f2f26a68,0x00000000f3000000)
  to   space 19968K, 0% used [0x00000000f7700000,0x00000000f7700000,0x00000000f8a80000)
 ParOldGen       total 83968K, used 40206K [0x00000000c0000000, 0x00000000c5200000, 0x00000000eaa80000)
  object space 83968K, 47% used [0x00000000c0000000,0x00000000c2743820,0x00000000c5200000)
 PSPermGen       total 21504K, used 7346K [0x00000000b5a00000, 0x00000000b6f00000, 0x00000000c0000000)
  object space 21504K, 34% used [0x00000000b5a00000,0x00000000b612caa8,0x00000000b6f00000)
}
Event: 6.207 GC heap before
{Heap before GC invocations=10 (full 0):
 PSYoungGen      total 136704K, used 135834K [0x00000000eaa80000, 0x00000000f8a80000, 0x0000000100000000)
  eden space 118272K, 100% used [0x00000000eaa80000,0x00000000f1e00000,0x00000000f1e00000)
  from space 18432K, 95% used [0x00000000f1e00000,0x00000000f2f26a68,0x00000000f3000000)
  to   space 19968K, 0% used [0x00000000f7700000,0x00000000f7700000,0x00000000f8a80000)
 ParOldGen       total 83968K, used 40206K [0x00000000c0000000, 0x00000000c5200000, 0x00000000eaa80000)
  object space 83968K, 47% used [0x00000000c0000000,0x00000000c2743820,0x00000000c5200000)
 PSPermGen       total 21504K, used 7347K [0x00000000b5a00000, 0x00000000b6f00000, 0x00000000c0000000)
  object space 21504K, 34% used [0x00000000b5a00000,0x00000000b612cd00,0x00000000b6f00000)
Event: 6.214 GC heap after
Heap after GC invocations=10 (full 0):
 PSYoungGen      total 207872K, used 18544K [0x00000000eaa80000, 0x00000000f8d80000, 0x0000000100000000)
  eden space 187904K, 0% used [0x00000000eaa80000,0x00000000eaa80000,0x00000000f6200000)
  from space 19968K, 92% used [0x00000000f7700000,0x00000000f891c118,0x00000000f8a80000)
  to   space 21504K, 0% used [0x00000000f6200000,0x00000000f6200000,0x00000000f7700000)
 ParOldGen       total 83968K, used 40206K [0x00000000c0000000, 0x00000000c5200000, 0x00000000eaa80000)
  object space 83968K, 47% used [0x00000000c0000000,0x00000000c2743820,0x00000000c5200000)
 PSPermGen       total 21504K, used 7347K [0x00000000b5a00000, 0x00000000b6f00000, 0x00000000c0000000)
  object space 21504K, 34% used [0x00000000b5a00000,0x00000000b612cd00,0x00000000b6f00000)
}
Event: 6.552 GC heap before
{Heap before GC invocations=11 (full 0):
 PSYoungGen      total 207872K, used 206448K [0x00000000eaa80000, 0x00000000f8d80000, 0x0000000100000000)
  eden space 187904K, 100% used [0x00000000eaa80000,0x00000000f6200000,0x00000000f6200000)
  from space 19968K, 92% used [0x00000000f7700000,0x00000000f891c118,0x00000000f8a80000)
  to   space 21504K, 0% used [0x00000000f6200000,0x00000000f6200000,0x00000000f7700000)
 ParOldGen       total 83968K, used 40206K [0x00000000c0000000, 0x00000000c5200000, 0x00000000eaa80000)
  object space 83968K, 47% used [0x00000000c0000000,0x00000000c2743820,0x00000000c5200000)
 PSPermGen       total 21504K, used 7351K [0x00000000b5a00000, 0x00000000b6f00000, 0x00000000c0000000)
  object space 21504K, 34% used [0x00000000b5a00000,0x00000000b612dfd8,0x00000000b6f00000)

Deoptimization events (10 events):
Event: 5.407 Thread 0x00007f803400c800 Uncommon trap: reason=array_check action=maybe_recompile pc=0x00007f80300ffea4 method=java.util.TimSort.binarySort([Ljava/lang/Object;IIILjava/util/Comparator;)V @ 183
Event: 5.407 Thread 0x00007f803400c800 Uncommon trap: reason=array_check action=maybe_recompile pc=0x00007f80300ffcb8 method=java.util.TimSort.binarySort([Ljava/lang/Object;IIILjava/util/Comparator;)V @ 215
Event: 5.407 Thread 0x00007f803400c800 Uncommon trap: reason=array_check action=maybe_recompile pc=0x00007f80300ffea4 method=java.util.TimSort.binarySort([Ljava/lang/Object;IIILjava/util/Comparator;)V @ 183
Event: 5.459 Thread 0x00007f803400c800 Uncommon trap: reason=array_check action=maybe_recompile pc=0x00007f8030104090 method=java.util.ComparableTimSort.binarySort([Ljava/lang/Object;III)V @ 183
Event: 5.472 Thread 0x00007f803400c800 Uncommon trap: reason=unstable_if action=reinterpret pc=0x00007f80300fb788 method=java.util.ComparableTimSort.mergeHi(IIII)V @ 553
Event: 5.541 Thread 0x00007f803400c800 Uncommon trap: reason=array_check action=maybe_recompile pc=0x00007f8030104090 method=java.util.ComparableTimSort.binarySort([Ljava/lang/Object;III)V @ 183
Event: 5.671 Thread 0x00007f803400c800 Uncommon trap: reason=null_check action=make_not_entrant pc=0x00007f80300fee10 method=com.android.dx.io.instructions.AddressMap.get(I)I @ 11
Event: 5.816 Thread 0x00007f803400c800 Uncommon trap: reason=unstable_if action=reinterpret pc=0x00007f8030132770 method=java.util.ComparableTimSort.mergeLo(IIII)V @ 506
Event: 6.171 Thread 0x00007f803400c800 Uncommon trap: reason=unstable_if action=reinterpret pc=0x00007f80300e0d48 method=java.util.ComparableTimSort.countRunAndMakeAscending([Ljava/lang/Object;II)I @ 25
Event: 6.178 Thread 0x00007f803400c800 Uncommon trap: reason=unstable_if action=reinterpret pc=0x00007f803013dc44 method=java.util.ComparableTimSort.mergeHi(IIII)V @ 569

Internal exceptions (10 events):
Event: 4.094 Thread 0x00007f803400c800 Threw 0x00000000ead8f7e8 at /build/openjdk-7-65SuYz/openjdk-7-7u85-2.6.1/build/openjdk/hotspot/src/share/vm/prims/jvm.cpp:1322
Event: 4.094 Thread 0x00007f803400c800 Threw 0x00000000ead935e8 at /build/openjdk-7-65SuYz/openjdk-7-7u85-2.6.1/build/openjdk/hotspot/src/share/vm/prims/jvm.cpp:1322
Event: 4.095 Thread 0x00007f803400c800 Threw 0x00000000ead97cd8 at /build/openjdk-7-65SuYz/openjdk-7-7u85-2.6.1/build/openjdk/hotspot/src/share/vm/prims/jvm.cpp:1322
Event: 4.096 Thread 0x00007f803400c800 Threw 0x00000000ead9b8f8 at /build/openjdk-7-65SuYz/openjdk-7-7u85-2.6.1/build/openjdk/hotspot/src/share/vm/prims/jvm.cpp:1322
Event: 4.096 Thread 0x00007f803400c800 Threw 0x00000000ead9f710 at /build/openjdk-7-65SuYz/openjdk-7-7u85-2.6.1/build/openjdk/hotspot/src/share/vm/prims/jvm.cpp:1322
Event: 4.096 Thread 0x00007f803400c800 Threw 0x00000000eada3278 at /build/openjdk-7-65SuYz/openjdk-7-7u85-2.6.1/build/openjdk/hotspot/src/share/vm/prims/jvm.cpp:1322
Event: 4.098 Thread 0x00007f803400c800 Threw 0x00000000eadaab60 at /build/openjdk-7-65SuYz/openjdk-7-7u85-2.6.1/build/openjdk/hotspot/src/share/vm/prims/jvm.cpp:1322
Event: 4.099 Thread 0x00007f803400c800 Threw 0x00000000eadad840 at /build/openjdk-7-65SuYz/openjdk-7-7u85-2.6.1/build/openjdk/hotspot/src/share/vm/prims/jvm.cpp:1322
Event: 4.658 Thread 0x00007f803400c800 Threw 0x00000000ec671e40 at /build/openjdk-7-65SuYz/openjdk-7-7u85-2.6.1/build/openjdk/hotspot/src/share/vm/prims/jvm.cpp:1322
Event: 5.671 Thread 0x00007f803400c800 Implicit null exception at 0x00007f80300fe428 to 0x00007f80300fee01

Events (10 events):
Event: 6.171 Thread 0x00007f803400c800 DEOPT PACKING pc=0x00007f80300e0d48 sp=0x00007f803a5a24d0
Event: 6.171 Thread 0x00007f803400c800 DEOPT UNPACKING pc=0x00007f802ffac445 sp=0x00007f803a5a2498 mode 2
Event: 6.178 Thread 0x00007f803400c800 Uncommon trap: trap_request=0xffffff75 fr.pc=0x00007f803013dc44
Event: 6.178 Thread 0x00007f803400c800 DEOPT PACKING pc=0x00007f803013dc44 sp=0x00007f803a5a2350
Event: 6.178 Thread 0x00007f803400c800 DEOPT UNPACKING pc=0x00007f802ffac445 sp=0x00007f803a5a2358 mode 2
Event: 6.207 Executing VM operation: ParallelGCFailedAllocation
Event: 6.214 Executing VM operation: ParallelGCFailedAllocation done
Event: 6.483 Thread 0x00007f80340ac000 flushing nmethod 0x00007f80300e9ed0
Event: 6.483 Thread 0x00007f80340ac000 flushing nmethod 0x00007f80300f1350
Event: 6.552 Executing VM operation: ParallelGCFailedAllocation


Dynamic libraries:
00400000-00401000 r-xp 00000000 08:03 656952                             /usr/lib/jvm/java-7-openjdk-amd64/jre/bin/java
00600000-00601000 r--p 00000000 08:03 656952                             /usr/lib/jvm/java-7-openjdk-amd64/jre/bin/java
00601000-00602000 rw-p 00001000 08:03 656952                             /usr/lib/jvm/java-7-openjdk-amd64/jre/bin/java
02578000-02599000 rw-p 00000000 00:00 0                                  [heap]
b5a00000-b6f00000 rw-p 00000000 00:00 0 
b6f00000-c0000000 rw-p 00000000 00:00 0 
c0000000-c5200000 rw-p 00000000 00:00 0 
c5200000-eaa80000 rw-p 00000000 00:00 0 
eaa80000-f8d80000 rw-p 00000000 00:00 0 
ffd80000-100000000 rw-p 00000000 00:00 0 
7f7fe0000000-7f7fe0021000 rw-p 00000000 00:00 0 
7f7fe0021000-7f7fe4000000 ---p 00000000 00:00 0 
7f7fe4000000-7f7fe4030000 rw-p 00000000 00:00 0 
7f7fe4030000-7f7fe8000000 ---p 00000000 00:00 0 
7f7fe8000000-7f7fe8021000 rw-p 00000000 00:00 0 
7f7fe8021000-7f7fec000000 ---p 00000000 00:00 0 
7f7fec000000-7f7fec027000 rw-p 00000000 00:00 0 
7f7fec027000-7f7ff0000000 ---p 00000000 00:00 0 
7f7ff0000000-7f7ff0021000 rw-p 00000000 00:00 0 
7f7ff0021000-7f7ff4000000 ---p 00000000 00:00 0 
7f7ff4000000-7f7ff403b000 rw-p 00000000 00:00 0 
7f7ff403b000-7f7ff8000000 ---p 00000000 00:00 0 
7f7ff8000000-7f7ff8727000 rw-p 00000000 00:00 0 
7f7ff8727000-7f7ffc000000 ---p 00000000 00:00 0 
7f7ffc000000-7f7ffc021000 rw-p 00000000 00:00 0 
7f7ffc021000-7f8000000000 ---p 00000000 00:00 0 
7f8000000000-7f8000021000 rw-p 00000000 00:00 0 
7f8000021000-7f8004000000 ---p 00000000 00:00 0 
7f8004000000-7f80047ea000 rw-p 00000000 00:00 0 
7f80047ea000-7f8008000000 ---p 00000000 00:00 0 
7f8008000000-7f8008021000 rw-p 00000000 00:00 0 
7f8008021000-7f800c000000 ---p 00000000 00:00 0 
7f800c000000-7f800c021000 rw-p 00000000 00:00 0 
7f800c021000-7f8010000000 ---p 00000000 00:00 0 
7f8010000000-7f8010021000 rw-p 00000000 00:00 0 
7f8010021000-7f8014000000 ---p 00000000 00:00 0 
7f8014000000-7f8014021000 rw-p 00000000 00:00 0 
7f8014021000-7f8018000000 ---p 00000000 00:00 0 
7f8018000000-7f8018021000 rw-p 00000000 00:00 0 
7f8018021000-7f801c000000 ---p 00000000 00:00 0 
7f8020000000-7f8020021000 rw-p 00000000 00:00 0 
7f8020021000-7f8024000000 ---p 00000000 00:00 0 
7f8025055000-7f8025290000 rw-p 00000000 00:00 0 
7f8025290000-7f80252cd000 r-xp 00000000 08:03 31728                      /lib/x86_64-linux-gnu/libpcre.so.3.13.1
7f80252cd000-7f80254cc000 ---p 0003d000 08:03 31728                      /lib/x86_64-linux-gnu/libpcre.so.3.13.1
7f80254cc000-7f80254cd000 r--p 0003c000 08:03 31728                      /lib/x86_64-linux-gnu/libpcre.so.3.13.1
7f80254cd000-7f80254ce000 rw-p 0003d000 08:03 31728                      /lib/x86_64-linux-gnu/libpcre.so.3.13.1
7f80254ce000-7f80254d5000 r-xp 00000000 08:03 59632                      /usr/lib/x86_64-linux-gnu/libffi.so.6.0.1
7f80254d5000-7f80256d4000 ---p 00007000 08:03 59632                      /usr/lib/x86_64-linux-gnu/libffi.so.6.0.1
7f80256d4000-7f80256d5000 r--p 00006000 08:03 59632                      /usr/lib/x86_64-linux-gnu/libffi.so.6.0.1
7f80256d5000-7f80256d6000 rw-p 00007000 08:03 59632                      /usr/lib/x86_64-linux-gnu/libffi.so.6.0.1
7f80256d6000-7f80256ed000 r-xp 00000000 08:03 17611                      /lib/x86_64-linux-gnu/libresolv-2.19.so
7f80256ed000-7f80258ed000 ---p 00017000 08:03 17611                      /lib/x86_64-linux-gnu/libresolv-2.19.so
7f80258ed000-7f80258ee000 r--p 00017000 08:03 17611                      /lib/x86_64-linux-gnu/libresolv-2.19.so
7f80258ee000-7f80258ef000 rw-p 00018000 08:03 17611                      /lib/x86_64-linux-gnu/libresolv-2.19.so
7f80258ef000-7f80258f1000 rw-p 00000000 00:00 0 
7f80258f1000-7f8025911000 r-xp 00000000 08:03 4647                       /lib/x86_64-linux-gnu/libselinux.so.1
7f8025911000-7f8025b10000 ---p 00020000 08:03 4647                       /lib/x86_64-linux-gnu/libselinux.so.1
7f8025b10000-7f8025b11000 r--p 0001f000 08:03 4647                       /lib/x86_64-linux-gnu/libselinux.so.1
7f8025b11000-7f8025b12000 rw-p 00020000 08:03 4647                       /lib/x86_64-linux-gnu/libselinux.so.1
7f8025b12000-7f8025b14000 rw-p 00000000 00:00 0 
7f8025b14000-7f8025b17000 r-xp 00000000 08:03 15999                      /usr/lib/x86_64-linux-gnu/libgmodule-2.0.so.0.4002.0
7f8025b17000-7f8025d16000 ---p 00003000 08:03 15999                      /usr/lib/x86_64-linux-gnu/libgmodule-2.0.so.0.4002.0
7f8025d16000-7f8025d17000 r--p 00002000 08:03 15999                      /usr/lib/x86_64-linux-gnu/libgmodule-2.0.so.0.4002.0
7f8025d17000-7f8025d18000 rw-p 00003000 08:03 15999                      /usr/lib/x86_64-linux-gnu/libgmodule-2.0.so.0.4002.0
7f8025d18000-7f8025e1e000 r-xp 00000000 08:03 7086                       /lib/x86_64-linux-gnu/libglib-2.0.so.0.4002.0
7f8025e1e000-7f802601d000 ---p 00106000 08:03 7086                       /lib/x86_64-linux-gnu/libglib-2.0.so.0.4002.0
7f802601d000-7f802601e000 r--p 00105000 08:03 7086                       /lib/x86_64-linux-gnu/libglib-2.0.so.0.4002.0
7f802601e000-7f802601f000 rw-p 00106000 08:03 7086                       /lib/x86_64-linux-gnu/libglib-2.0.so.0.4002.0
7f802601f000-7f8026020000 rw-p 00000000 00:00 0 
7f8026020000-7f802606f000 r-xp 00000000 08:03 16072                      /usr/lib/x86_64-linux-gnu/libgobject-2.0.so.0.4002.0
7f802606f000-7f802626f000 ---p 0004f000 08:03 16072                      /usr/lib/x86_64-linux-gnu/libgobject-2.0.so.0.4002.0
7f802626f000-7f8026270000 r--p 0004f000 08:03 16072                      /usr/lib/x86_64-linux-gnu/libgobject-2.0.so.0.4002.0
7f8026270000-7f8026271000 rw-p 00050000 08:03 16072                      /usr/lib/x86_64-linux-gnu/libgobject-2.0.so.0.4002.0
7f8026271000-7f80263dd000 r-xp 00000000 08:03 16256                      /usr/lib/x86_64-linux-gnu/libgio-2.0.so.0.4002.0
7f80263dd000-7f80265dc000 ---p 0016c000 08:03 16256                      /usr/lib/x86_64-linux-gnu/libgio-2.0.so.0.4002.0
7f80265dc000-7f80265e0000 r--p 0016b000 08:03 16256                      /usr/lib/x86_64-linux-gnu/libgio-2.0.so.0.4002.0
7f80265e0000-7f80265e2000 rw-p 0016f000 08:03 16256                      /usr/lib/x86_64-linux-gnu/libgio-2.0.so.0.4002.0
7f80265e2000-7f80265e4000 rw-p 00000000 00:00 0 
7f80265e4000-7f80265fb000 r-xp 00000000 08:03 794173                     /usr/lib/jvm/java-7-openjdk-amd64/jre/lib/amd64/libnet.so
7f80265fb000-7f80267fa000 ---p 00017000 08:03 794173                     /usr/lib/jvm/java-7-openjdk-amd64/jre/lib/amd64/libnet.so
7f80267fa000-7f80267fb000 r--p 00016000 08:03 794173                     /usr/lib/jvm/java-7-openjdk-amd64/jre/lib/amd64/libnet.so
7f80267fb000-7f80267fc000 rw-p 00017000 08:03 794173                     /usr/lib/jvm/java-7-openjdk-amd64/jre/lib/amd64/libnet.so
7f80267fc000-7f802680c000 r-xp 00000000 08:03 792718                     /usr/lib/jvm/java-7-openjdk-amd64/jre/lib/amd64/libnio.so
7f802680c000-7f8026a0c000 ---p 00010000 08:03 792718                     /usr/lib/jvm/java-7-openjdk-amd64/jre/lib/amd64/libnio.so
7f8026a0c000-7f8026a0d000 r--p 00010000 08:03 792718                     /usr/lib/jvm/java-7-openjdk-amd64/jre/lib/amd64/libnio.so
7f8026a0d000-7f8026a0e000 rw-p 00011000 08:03 792718                     /usr/lib/jvm/java-7-openjdk-amd64/jre/lib/amd64/libnio.so
7f8026a0e000-7f8026a11000 ---p 00000000 00:00 0 
7f8026a11000-7f8026b0f000 rw-p 00000000 00:00 0 
7f8026b0f000-7f8026b12000 ---p 00000000 00:00 0 
7f8026b12000-7f8026c10000 rw-p 00000000 00:00 0 
7f8026c10000-7f8026c13000 ---p 00000000 00:00 0 
7f8026c13000-7f8026d11000 rw-p 00000000 00:00 0 
7f8026d11000-7f8026d14000 ---p 00000000 00:00 0 
7f8026d14000-7f8026e12000 rw-p 00000000 00:00 0 
7f8026e12000-7f8026e15000 ---p 00000000 00:00 0 
7f8026e15000-7f8026f13000 rw-p 00000000 00:00 0 
7f8026f13000-7f8026f14000 ---p 00000000 00:00 0 
7f8026f14000-7f8027014000 rw-p 00000000 00:00 0                          [stack:14367]
7f8027014000-7f8027017000 ---p 00000000 00:00 0 
7f8027017000-7f8027115000 rw-p 00000000 00:00 0                          [stack:14366]
7f8027115000-7f8027118000 ---p 00000000 00:00 0 
7f8027118000-7f8027216000 rw-p 00000000 00:00 0                          [stack:14365]
7f8027216000-7f8027219000 ---p 00000000 00:00 0 
7f8027219000-7f8027317000 rw-p 00000000 00:00 0                          [stack:14364]
7f8027317000-7f802731a000 ---p 00000000 00:00 0 
7f802731a000-7f8027418000 rw-p 00000000 00:00 0                          [stack:14363]
7f8027418000-7f8027afb000 r--p 00000000 08:03 29734                      /usr/lib/locale/locale-archive
7f8027afb000-7f8027afe000 ---p 00000000 00:00 0 
7f8027afe000-7f8027bfc000 rw-p 00000000 00:00 0                          [stack:14362]
7f8027bfc000-7f8027bff000 ---p 00000000 00:00 0 
7f8027bff000-7f8027cfd000 rw-p 00000000 00:00 0                          [stack:14361]
7f8027cfd000-7f8027cfe000 ---p 00000000 00:00 0 
7f8027cfe000-7f8028000000 rw-p 00000000 00:00 0                          [stack:14360]
7f8028000000-7f8028021000 rw-p 00000000 00:00 0 
7f8028021000-7f802c000000 ---p 00000000 00:00 0 
7f802c087000-7f802ce82000 rw-p 00000000 00:00 0 
7f802ce82000-7f802d034000 r--s 01d30000 08:03 657973                     /usr/lib/jvm/java-7-openjdk-amd64/jre/lib/rt.jar
7f802d034000-7f802f8c8000 rw-p 00000000 00:00 0 
7f802f8c8000-7f802f8c9000 ---p 00000000 00:00 0 
7f802f8c9000-7f802f9c9000 rw-p 00000000 00:00 0                          [stack:14359]
7f802f9c9000-7f802f9ca000 ---p 00000000 00:00 0 
7f802f9ca000-7f802faca000 rw-p 00000000 00:00 0                          [stack:14358]
7f802faca000-7f802facb000 ---p 00000000 00:00 0 
7f802facb000-7f802fbcb000 rw-p 00000000 00:00 0                          [stack:14357]
7f802fbcb000-7f802fbcc000 ---p 00000000 00:00 0 
7f802fbcc000-7f802fcd7000 rw-p 00000000 00:00 0                          [stack:14356]
7f802fcd7000-7f802fd1f000 rw-p 00000000 00:00 0 
7f802fd1f000-7f802fd2a000 rw-p 00000000 00:00 0 
7f802fd2a000-7f802fd72000 rw-p 00000000 00:00 0 
7f802fd72000-7f802fd9b000 rw-p 00000000 00:00 0 
7f802fd9b000-7f802fec7000 rw-p 00000000 00:00 0 
7f802fec7000-7f802ff39000 rw-p 00000000 00:00 0 
7f802ff39000-7f802ff72000 rw-p 00000000 00:00 0 
7f802ff72000-7f802ff73000 rw-p 00000000 00:00 0 
7f802ff73000-7f80301e3000 rwxp 00000000 00:00 0 
7f80301e3000-7f8032f73000 rw-p 00000000 00:00 0 
7f8032f73000-7f8032f7b000 r-xp 00000000 08:03 794129                     /usr/lib/jvm/java-7-openjdk-amd64/jre/lib/amd64/libzip.so
7f8032f7b000-7f803317a000 ---p 00008000 08:03 794129                     /usr/lib/jvm/java-7-openjdk-amd64/jre/lib/amd64/libzip.so
7f803317a000-7f803317b000 r--p 00007000 08:03 794129                     /usr/lib/jvm/java-7-openjdk-amd64/jre/lib/amd64/libzip.so
7f803317b000-7f803317c000 rw-p 00008000 08:03 794129                     /usr/lib/jvm/java-7-openjdk-amd64/jre/lib/amd64/libzip.so
7f803317c000-7f8033187000 r-xp 00000000 08:03 17615                      /lib/x86_64-linux-gnu/libnss_files-2.19.so
7f8033187000-7f8033386000 ---p 0000b000 08:03 17615                      /lib/x86_64-linux-gnu/libnss_files-2.19.so
7f8033386000-7f8033387000 r--p 0000a000 08:03 17615                      /lib/x86_64-linux-gnu/libnss_files-2.19.so
7f8033387000-7f8033388000 rw-p 0000b000 08:03 17615                      /lib/x86_64-linux-gnu/libnss_files-2.19.so
7f8033388000-7f8033393000 r-xp 00000000 08:03 50341                      /lib/x86_64-linux-gnu/libnss_nis-2.19.so
7f8033393000-7f8033592000 ---p 0000b000 08:03 50341                      /lib/x86_64-linux-gnu/libnss_nis-2.19.so
7f8033592000-7f8033593000 r--p 0000a000 08:03 50341                      /lib/x86_64-linux-gnu/libnss_nis-2.19.so
7f8033593000-7f8033594000 rw-p 0000b000 08:03 50341                      /lib/x86_64-linux-gnu/libnss_nis-2.19.so
7f8033594000-7f80335ab000 r-xp 00000000 08:03 17633                      /lib/x86_64-linux-gnu/libnsl-2.19.so
7f80335ab000-7f80337aa000 ---p 00017000 08:03 17633                      /lib/x86_64-linux-gnu/libnsl-2.19.so
7f80337aa000-7f80337ab000 r--p 00016000 08:03 17633                      /lib/x86_64-linux-gnu/libnsl-2.19.so
7f80337ab000-7f80337ac000 rw-p 00017000 08:03 17633                      /lib/x86_64-linux-gnu/libnsl-2.19.so
7f80337ac000-7f80337ae000 rw-p 00000000 00:00 0 
7f80337ae000-7f80337b7000 r-xp 00000000 08:03 17631                      /lib/x86_64-linux-gnu/libnss_compat-2.19.so
7f80337b7000-7f80339b6000 ---p 00009000 08:03 17631                      /lib/x86_64-linux-gnu/libnss_compat-2.19.so
7f80339b6000-7f80339b7000 r--p 00008000 08:03 17631                      /lib/x86_64-linux-gnu/libnss_compat-2.19.so
7f80339b7000-7f80339b8000 rw-p 00009000 08:03 17631                      /lib/x86_64-linux-gnu/libnss_compat-2.19.so
7f80339b8000-7f80339e3000 r-xp 00000000 08:03 794142                     /usr/lib/jvm/java-7-openjdk-amd64/jre/lib/amd64/libjava.so
7f80339e3000-7f8033be3000 ---p 0002b000 08:03 794142                     /usr/lib/jvm/java-7-openjdk-amd64/jre/lib/amd64/libjava.so
7f8033be3000-7f8033be4000 r--p 0002b000 08:03 794142                     /usr/lib/jvm/java-7-openjdk-amd64/jre/lib/amd64/libjava.so
7f8033be4000-7f8033be6000 rw-p 0002c000 08:03 794142                     /usr/lib/jvm/java-7-openjdk-amd64/jre/lib/amd64/libjava.so
7f8033be6000-7f8033bf6000 r-xp 00000000 08:03 794164                     /usr/lib/jvm/java-7-openjdk-amd64/jre/lib/amd64/libverify.so
7f8033bf6000-7f8033df5000 ---p 00010000 08:03 794164                     /usr/lib/jvm/java-7-openjdk-amd64/jre/lib/amd64/libverify.so
7f8033df5000-7f8033df7000 r--p 0000f000 08:03 794164                     /usr/lib/jvm/java-7-openjdk-amd64/jre/lib/amd64/libverify.so
7f8033df7000-7f8033df8000 rw-p 00011000 08:03 794164                     /usr/lib/jvm/java-7-openjdk-amd64/jre/lib/amd64/libverify.so
7f8033df8000-7f8033dff000 r-xp 00000000 08:03 50335                      /lib/x86_64-linux-gnu/librt-2.19.so
7f8033dff000-7f8033ffe000 ---p 00007000 08:03 50335                      /lib/x86_64-linux-gnu/librt-2.19.so
7f8033ffe000-7f8033fff000 r--p 00006000 08:03 50335                      /lib/x86_64-linux-gnu/librt-2.19.so
7f8033fff000-7f8034000000 rw-p 00007000 08:03 50335                      /lib/x86_64-linux-gnu/librt-2.19.so
7f8034000000-7f803421f000 rw-p 00000000 00:00 0 
7f803421f000-7f8038000000 ---p 00000000 00:00 0 
7f8038017000-7f8038040000 rw-p 00000000 00:00 0 
7f8038040000-7f803816d000 rw-p 00000000 00:00 0 
7f803816d000-7f8038183000 r-xp 00000000 08:03 6196                       /lib/x86_64-linux-gnu/libgcc_s.so.1
7f8038183000-7f8038382000 ---p 00016000 08:03 6196                       /lib/x86_64-linux-gnu/libgcc_s.so.1
7f8038382000-7f8038383000 rw-p 00015000 08:03 6196                       /lib/x86_64-linux-gnu/libgcc_s.so.1
7f8038383000-7f8038488000 r-xp 00000000 08:03 17613                      /lib/x86_64-linux-gnu/libm-2.19.so
7f8038488000-7f8038687000 ---p 00105000 08:03 17613                      /lib/x86_64-linux-gnu/libm-2.19.so
7f8038687000-7f8038688000 r--p 00104000 08:03 17613                      /lib/x86_64-linux-gnu/libm-2.19.so
7f8038688000-7f8038689000 rw-p 00105000 08:03 17613                      /lib/x86_64-linux-gnu/libm-2.19.so
7f8038689000-7f803876f000 r-xp 00000000 08:03 5205                       /usr/lib/x86_64-linux-gnu/libstdc++.so.6.0.19
7f803876f000-7f803896e000 ---p 000e6000 08:03 5205                       /usr/lib/x86_64-linux-gnu/libstdc++.so.6.0.19
7f803896e000-7f8038976000 r--p 000e5000 08:03 5205                       /usr/lib/x86_64-linux-gnu/libstdc++.so.6.0.19
7f8038976000-7f8038978000 rw-p 000ed000 08:03 5205                       /usr/lib/x86_64-linux-gnu/libstdc++.so.6.0.19
7f8038978000-7f803898d000 rw-p 00000000 00:00 0 
7f803898d000-7f80394b1000 r-xp 00000000 08:03 794150                     /usr/lib/jvm/java-7-openjdk-amd64/jre/lib/amd64/server/libjvm.so
7f80394b1000-7f80396b0000 ---p 00b24000 08:03 794150                     /usr/lib/jvm/java-7-openjdk-amd64/jre/lib/amd64/server/libjvm.so
7f80396b0000-7f803974a000 r--p 00b23000 08:03 794150                     /usr/lib/jvm/java-7-openjdk-amd64/jre/lib/amd64/server/libjvm.so
7f803974a000-7f803976d000 rw-p 00bbd000 08:03 794150                     /usr/lib/jvm/java-7-openjdk-amd64/jre/lib/amd64/server/libjvm.so
7f803976d000-7f803979b000 rw-p 00000000 00:00 0 
7f803979b000-7f80397b3000 r-xp 00000000 08:03 16279                      /lib/x86_64-linux-gnu/libz.so.1.2.8
7f80397b3000-7f80399b2000 ---p 00018000 08:03 16279                      /lib/x86_64-linux-gnu/libz.so.1.2.8
7f80399b2000-7f80399b3000 r--p 00017000 08:03 16279                      /lib/x86_64-linux-gnu/libz.so.1.2.8
7f80399b3000-7f80399b4000 rw-p 00018000 08:03 16279                      /lib/x86_64-linux-gnu/libz.so.1.2.8
7f80399b4000-7f80399cd000 r-xp 00000000 08:03 50331                      /lib/x86_64-linux-gnu/libpthread-2.19.so
7f80399cd000-7f8039bcc000 ---p 00019000 08:03 50331                      /lib/x86_64-linux-gnu/libpthread-2.19.so
7f8039bcc000-7f8039bcd000 r--p 00018000 08:03 50331                      /lib/x86_64-linux-gnu/libpthread-2.19.so
7f8039bcd000-7f8039bce000 rw-p 00019000 08:03 50331                      /lib/x86_64-linux-gnu/libpthread-2.19.so
7f8039bce000-7f8039bd2000 rw-p 00000000 00:00 0 
7f8039bd2000-7f8039bd5000 r-xp 00000000 08:03 17621                      /lib/x86_64-linux-gnu/libdl-2.19.so
7f8039bd5000-7f8039dd4000 ---p 00003000 08:03 17621                      /lib/x86_64-linux-gnu/libdl-2.19.so
7f8039dd4000-7f8039dd5000 r--p 00002000 08:03 17621                      /lib/x86_64-linux-gnu/libdl-2.19.so
7f8039dd5000-7f8039dd6000 rw-p 00003000 08:03 17621                      /lib/x86_64-linux-gnu/libdl-2.19.so
7f8039dd6000-7f8039f91000 r-xp 00000000 08:03 50329                      /lib/x86_64-linux-gnu/libc-2.19.so
7f8039f91000-7f803a190000 ---p 001bb000 08:03 50329                      /lib/x86_64-linux-gnu/libc-2.19.so
7f803a190000-7f803a194000 r--p 001ba000 08:03 50329                      /lib/x86_64-linux-gnu/libc-2.19.so
7f803a194000-7f803a196000 rw-p 001be000 08:03 50329                      /lib/x86_64-linux-gnu/libc-2.19.so
7f803a196000-7f803a19b000 rw-p 00000000 00:00 0 
7f803a19b000-7f803a1a8000 r-xp 00000000 08:03 794167                     /usr/lib/jvm/java-7-openjdk-amd64/jre/lib/amd64/jli/libjli.so
7f803a1a8000-7f803a3a7000 ---p 0000d000 08:03 794167                     /usr/lib/jvm/java-7-openjdk-amd64/jre/lib/amd64/jli/libjli.so
7f803a3a7000-7f803a3a8000 r--p 0000c000 08:03 794167                     /usr/lib/jvm/java-7-openjdk-amd64/jre/lib/amd64/jli/libjli.so
7f803a3a8000-7f803a3a9000 rw-p 0000d000 08:03 794167                     /usr/lib/jvm/java-7-openjdk-amd64/jre/lib/amd64/jli/libjli.so
7f803a3a9000-7f803a3cc000 r-xp 00000000 08:03 17637                      /lib/x86_64-linux-gnu/ld-2.19.so
7f803a3cf000-7f803a3d4000 r--s 0004e000 08:03 658538                     /usr/lib/jvm/java-7-openjdk-amd64/jre/lib/jsse.jar
7f803a3d4000-7f803a3e3000 r--s 000df000 08:03 3941260                    /home/ahmozz/Desktop/android-sdk-linux/build-tools/23.0.1/lib/dx.jar
7f803a3e3000-7f803a3ed000 rw-p 00000000 00:00 0 
7f803a3ed000-7f803a4a3000 rw-p 00000000 00:00 0 
7f803a4a3000-7f803a4a6000 ---p 00000000 00:00 0 
7f803a4a6000-7f803a5a9000 rw-p 00000000 00:00 0                          [stack:14355]
7f803a5aa000-7f803a5ab000 rw-p 00000000 00:00 0 
7f803a5ab000-7f803a5ad000 r--s 00006000 08:03 32070                      /usr/share/java/java-atk-wrapper.jar
7f803a5ad000-7f803a5ae000 r--s 00002000 08:03 657965                     /usr/lib/jvm/java-7-openjdk-amd64/jre/lib/ext/dnsns.jar
7f803a5ae000-7f803a5b0000 r--s 00012000 08:03 657701                     /usr/lib/jvm/java-7-openjdk-amd64/jre/lib/ext/zipfs.jar
7f803a5b0000-7f803a5b4000 r--s 00034000 08:03 657705                     /usr/lib/jvm/java-7-openjdk-amd64/jre/lib/ext/sunjce_provider.jar
7f803a5b4000-7f803a5b7000 r--s 0000f000 08:03 657703                     /usr/lib/jvm/java-7-openjdk-amd64/jre/lib/ext/icedtea-sound.jar
7f803a5b7000-7f803a5bb000 r--s 00085000 08:03 657702                     /usr/lib/jvm/java-7-openjdk-amd64/jre/lib/ext/localedata.jar
7f803a5bb000-7f803a5bf000 r--s 0003c000 08:03 657959                     /usr/lib/jvm/java-7-openjdk-amd64/jre/lib/ext/sunpkcs11.jar
7f803a5bf000-7f803a5c7000 rw-s 00000000 08:03 268617                     /tmp/hsperfdata_ahmozz/14349
7f803a5c7000-7f803a5c8000 rw-p 00000000 00:00 0 
7f803a5c8000-7f803a5c9000 ---p 00000000 00:00 0 
7f803a5c9000-7f803a5cb000 rw-p 00000000 00:00 0 
7f803a5cb000-7f803a5cc000 r--p 00022000 08:03 17637                      /lib/x86_64-linux-gnu/ld-2.19.so
7f803a5cc000-7f803a5cd000 rw-p 00023000 08:03 17637                      /lib/x86_64-linux-gnu/ld-2.19.so
7f803a5cd000-7f803a5ce000 rw-p 00000000 00:00 0 
7ffd3a792000-7ffd3a7b4000 rw-p 00000000 00:00 0                          [stack]
7ffd3a7d9000-7ffd3a7db000 r-xp 00000000 00:00 0                          [vdso]
ffffffffff600000-ffffffffff601000 r-xp 00000000 00:00 0                  [vsyscall]

VM Arguments:
jvm_args: -Xmx1024M -Dfile.encoding=UTF-8 -Duser.country=US -Duser.language=en -Duser.variant 
java_command: com.android.dx.command.Main --dex --num-threads=4 --output /home/ahmozz/AndroidStudioProjects/MyFirstGoogleMapApp/app/build/intermediates/dex/debug /home/ahmozz/AndroidStudioProjects/MyFirstGoogleMapApp/app/build/intermediates/classes/debug /home/ahmozz/AndroidStudioProjects/MyFirstGoogleMapApp/app/build/intermediates/pre-dexed/debug/support-annotations-23.1.0-721d97a2cccf0860bba62409ab2ae4d004d66984.jar /home/ahmozz/AndroidStudioProjects/MyFirstGoogleMapApp/app/build/intermediates/pre-dexed/debug/classes-a74daee73dfa65a7cd040f661c77784d22aad34a.jar /home/ahmozz/AndroidStudioProjects/MyFirstGoogleMapApp/app/build/intermediates/pre-dexed/debug/internal_impl-22.2.0-8588d9df74ff03eb7fbc08d51524a3c88ac4f950.jar /home/ahmozz/AndroidStudioProjects/MyFirstGoogleMapApp/app/build/intermediates/pre-dexed/debug/classes-33c2cf08a001fd10c1234d3a54c2276bd4928ce9.jar /home/ahmozz/AndroidStudioProjects/MyFirstGoogleMapApp/app/build/intermediates/pre-dexed/debug/classes-de7c99a9667ab9d3e185e5e42e89375d048f8bc0.jar /home/ahmozz/AndroidStudioProjects/MyFirstGoogleMapApp/app/build/intermediates/pre-dexed/debug/classes-cb83905e191ecc5e2abf0b1ca0d9426bcd57dc3d.jar /home/ahmozz/AndroidStudioProjects/MyFirstGoogleMapApp/app/build/intermediates/pre-dexed/debug/classes-6c5701e6b83525c6b77aded69daa24d4e10bc96b.jar /home/ahmozz/AndroidStudioProjects/MyFirstGoogleMapApp/app/build/intermediates/pre-dexed/debug/classes-cebbcd12af0dd2157b24d0dde018e579302f235e.jar /home/ahmozz/AndroidStudioProjects/MyFirstGoogleMapApp/app/build/intermediates/pre-dexed/debug/classes-f5bc353129c1df8339086667bd5486e3c7e302dc.jar /home/ahmozz/AndroidStudioProjects/MyFirstGoogleMapApp/app/build/intermediates/pre-dexed/debug/classes-8c6eb7be9efaceb3ab062bb26cfa2d53259f80b0.jar /home/ahmozz/AndroidStudioProjects/MyFirstGoogleMapApp/app/build/intermediates/pre-dexed/debug/classes-60c2217231540b2bb204a3e6eff8d92ae1c9fea3.jar /home/ahmozz/AndroidStudioProjects/MyFirstGoogleMapApp/app/build/intermediates/pre-
Launcher Type: SUN_STANDARD

Environment Variables:
PATH=/home/ahmozz/bin:/usr/local/sbin:/usr/local/bin:/usr/sbin:/usr/bin:/sbin:/bin:/usr/games:/usr/local/games
SHELL=/bin/bash
DISPLAY=:0

Signal Handlers:
SIGSEGV: [libjvm.so+0x954820], sa_mask[0]=0x7ffbfeff, sa_flags=0x10000004
SIGBUS: [libjvm.so+0x954820], sa_mask[0]=0x7ffbfeff, sa_flags=0x10000004
SIGFPE: [libjvm.so+0x7cb150], sa_mask[0]=0x7ffbfeff, sa_flags=0x10000004
SIGPIPE: [libjvm.so+0x7cb150], sa_mask[0]=0x7ffbfeff, sa_flags=0x10000004
SIGXFSZ: [libjvm.so+0x7cb150], sa_mask[0]=0x7ffbfeff, sa_flags=0x10000004
SIGILL: [libjvm.so+0x7cb150], sa_mask[0]=0x7ffbfeff, sa_flags=0x10000004
SIGUSR1: SIG_DFL, sa_mask[0]=0x00000000, sa_flags=0x00000000
SIGUSR2: [libjvm.so+0x7caff0], sa_mask[0]=0x00000004, sa_flags=0x10000004
SIGHUP: [libjvm.so+0x7cb1d0], sa_mask[0]=0x7ffbfeff, sa_flags=0x10000004
SIGINT: [libjvm.so+0x7cb1d0], sa_mask[0]=0x7ffbfeff, sa_flags=0x10000004
SIGTERM: [libjvm.so+0x7cb1d0], sa_mask[0]=0x7ffbfeff, sa_flags=0x10000004
SIGQUIT: [libjvm.so+0x7cb1d0], sa_mask[0]=0x7ffbfeff, sa_flags=0x10000004
SIGTRAP: SIG_DFL, sa_mask[0]=0x00000000, sa_flags=0x00000000


---------------  S Y S T E M  ---------------

OS:Ubuntu 14.04 (trusty)
uname:Linux 3.13.0-70-generic #113-Ubuntu SMP Mon Nov 16 18:34:13 UTC 2015 x86_64
libc:glibc 2.19 NPTL 2.19 
rlimit: STACK 8192k, CORE 0k, NPROC 61702, NOFILE 4096, AS infinity
load average:2.25 1.26 0.86

/proc/meminfo:
MemTotal:        8054116 kB
MemFree:          122428 kB
Buffers:            1688 kB
Cached:          2078176 kB
SwapCached:            0 kB
Active:          6088212 kB
Inactive:        1570440 kB
Active(anon):    6078012 kB
Inactive(anon):  1538632 kB
Active(file):      10200 kB
Inactive(file):    31808 kB
Unevictable:          16 kB
Mlocked:              16 kB
SwapTotal:             0 kB
SwapFree:              0 kB
Dirty:               528 kB
Writeback:             0 kB
AnonPages:       5578856 kB
Mapped:           632076 kB
Shmem:           2037804 kB
Slab:             116200 kB
SReclaimable:      51224 kB
SUnreclaim:        64976 kB
KernelStack:        5168 kB
PageTables:        48248 kB
NFS_Unstable:          0 kB
Bounce:                0 kB
WritebackTmp:          0 kB
CommitLimit:     4027056 kB
Committed_AS:   15528296 kB
VmallocTotal:   34359738367 kB
VmallocUsed:      568660 kB
VmallocChunk:   34359149684 kB
HardwareCorrupted:     0 kB
AnonHugePages:   1964032 kB
HugePages_Total:       0
HugePages_Free:        0
HugePages_Rsvd:        0
HugePages_Surp:        0
Hugepagesize:       2048 kB
DirectMap4k:       80492 kB
DirectMap2M:     8185856 kB


CPU:total 4 (2 cores per cpu, 2 threads per core) family 6 model 58 stepping 9, cmov, cx8, fxsr, mmx, sse, sse2, sse3, ssse3, sse4.1, sse4.2, popcnt, avx, aes, erms, ht, tsc, tscinvbit, tscinv

/proc/cpuinfo:
processor	: 0
vendor_id	: GenuineIntel
cpu family	: 6
model		: 58
model name	: Intel(R) Core(TM) i5-3210M CPU @ 2.50GHz
stepping	: 9
microcode	: 0x12
cpu MHz		: 2501.000
cache size	: 3072 KB
physical id	: 0
siblings	: 4
core id		: 0
cpu cores	: 2
apicid		: 0
initial apicid	: 0
fpu		: yes
fpu_exception	: yes
cpuid level	: 13
wp		: yes
flags		: fpu vme de pse tsc msr pae mce cx8 apic sep mtrr pge mca cmov pat pse36 clflush dts acpi mmx fxsr sse sse2 ss ht tm pbe syscall nx rdtscp lm constant_tsc arch_perfmon pebs bts rep_good nopl xtopology nonstop_tsc aperfmperf eagerfpu pni pclmulqdq dtes64 monitor ds_cpl vmx est tm2 ssse3 cx16 xtpr pdcm pcid sse4_1 sse4_2 x2apic popcnt tsc_deadline_timer aes xsave avx f16c rdrand lahf_lm ida arat epb xsaveopt pln pts dtherm tpr_shadow vnmi flexpriority ept vpid fsgsbase smep erms
bogomips	: 4988.27
clflush size	: 64
cache_alignment	: 64
address sizes	: 36 bits physical, 48 bits virtual
power management:

processor	: 1
vendor_id	: GenuineIntel
cpu family	: 6
model		: 58
model name	: Intel(R) Core(TM) i5-3210M CPU @ 2.50GHz
stepping	: 9
microcode	: 0x12
cpu MHz		: 2501.000
cache size	: 3072 KB
physical id	: 0
siblings	: 4
core id		: 0
cpu cores	: 2
apicid		: 1
initial apicid	: 1
fpu		: yes
fpu_exception	: yes
cpuid level	: 13
wp		: yes
flags		: fpu vme de pse tsc msr pae mce cx8 apic sep mtrr pge mca cmov pat pse36 clflush dts acpi mmx fxsr sse sse2 ss ht tm pbe syscall nx rdtscp lm constant_tsc arch_perfmon pebs bts rep_good nopl xtopology nonstop_tsc aperfmperf eagerfpu pni pclmulqdq dtes64 monitor ds_cpl vmx est tm2 ssse3 cx16 xtpr pdcm pcid sse4_1 sse4_2 x2apic popcnt tsc_deadline_timer aes xsave avx f16c rdrand lahf_lm ida arat epb xsaveopt pln pts dtherm tpr_shadow vnmi flexpriority ept vpid fsgsbase smep erms
bogomips	: 4988.27
clflush size	: 64
cache_alignment	: 64
address sizes	: 36 bits physical, 48 bits virtual
power management:

processor	: 2
vendor_id	: GenuineIntel
cpu family	: 6
model		: 58
model name	: Intel(R) Core(TM) i5-3210M CPU @ 2.50GHz
stepping	: 9
microcode	: 0x12
cpu MHz		: 2501.000
cache size	: 3072 KB
physical id	: 0
siblings	: 4
core id		: 1
cpu cores	: 2
apicid		: 2
initial apicid	: 2
fpu		: yes
fpu_exception	: yes
cpuid level	: 13
wp		: yes
flags		: fpu vme de pse tsc msr pae mce cx8 apic sep mtrr pge mca cmov pat pse36 clflush dts acpi mmx fxsr sse sse2 ss ht tm pbe syscall nx rdtscp lm constant_tsc arch_perfmon pebs bts rep_good nopl xtopology nonstop_tsc aperfmperf eagerfpu pni pclmulqdq dtes64 monitor ds_cpl vmx est tm2 ssse3 cx16 xtpr pdcm pcid sse4_1 sse4_2 x2apic popcnt tsc_deadline_timer aes xsave avx f16c rdrand lahf_lm ida arat epb xsaveopt pln pts dtherm tpr_shadow vnmi flexpriority ept vpid fsgsbase smep erms
bogomips	: 4988.27
clflush size	: 64
cache_alignment	: 64
address sizes	: 36 bits physical, 48 bits virtual
power management:

processor	: 3
vendor_id	: GenuineIntel
cpu family	: 6
model		: 58
model name	: Intel(R) Core(TM) i5-3210M CPU @ 2.50GHz
stepping	: 9
microcode	: 0x12
cpu MHz		: 1200.000
cache size	: 3072 KB
physical id	: 0
siblings	: 4
core id		: 1
cpu cores	: 2
apicid		: 3
initial apicid	: 3
fpu		: yes
fpu_exception	: yes
cpuid level	: 13
wp		: yes
flags		: fpu vme de pse tsc msr pae mce cx8 apic sep mtrr pge mca cmov pat pse36 clflush dts acpi mmx fxsr sse sse2 ss ht tm pbe syscall nx rdtscp lm constant_tsc arch_perfmon pebs bts rep_good nopl xtopology nonstop_tsc aperfmperf eagerfpu pni pclmulqdq dtes64 monitor ds_cpl vmx est tm2 ssse3 cx16 xtpr pdcm pcid sse4_1 sse4_2 x2apic popcnt tsc_deadline_timer aes xsave avx f16c rdrand lahf_lm ida arat epb xsaveopt pln pts dtherm tpr_shadow vnmi flexpriority ept vpid fsgsbase smep erms
bogomips	: 4988.27
clflush size	: 64
cache_alignment	: 64
address sizes	: 36 bits physical, 48 bits virtual
power management:



Memory: 4k page, physical 8054116k(122428k free), swap 0k(0k free)

vm_info: OpenJDK 64-Bit Server VM (24.85-b03) for linux-amd64 JRE (1.7.0_85-b01), built on Oct 22 2015 06:46:50 by "buildd" with gcc 4.8.2

time: Wed Dec  9 20:22:52 2015
elapsed time: 9 seconds

